Traceback (most recent call last):
  File "/hai/scratch/fangwu97/workspace/workspace/prounderjoe/boltzgen/envs/boltzgen-cuda128/lib/python3.11/site-packages/hydra/_internal/utils.py", line 644, in _locate
    obj = getattr(obj, part)
          ^^^^^^^^^^^^^^^^^^
AttributeError: module 'boltzgen.task.predict' has no attribute 'predict'

During handling of the above exception, another exception occurred:

Traceback (most recent call last):
  File "/hai/scratch/fangwu97/workspace/workspace/prounderjoe/boltzgen/envs/boltzgen-cuda128/lib/python3.11/site-packages/hydra/_internal/utils.py", line 650, in _locate
    obj = import_module(mod)
          ^^^^^^^^^^^^^^^^^^
  File "/hai/scratch/fangwu97/workspace/workspace/prounderjoe/boltzgen/envs/boltzgen-cuda128/lib/python3.11/importlib/__init__.py", line 126, in import_module
    return _bootstrap._gcd_import(name[level:], package, level)
           ^^^^^^^^^^^^^^^^^^^^^^^^^^^^^^^^^^^^^^^^^^^^^^^^^^^^
  File "<frozen importlib._bootstrap>", line 1204, in _gcd_import
  File "<frozen importlib._bootstrap>", line 1176, in _find_and_load
  File "<frozen importlib._bootstrap>", line 1147, in _find_and_load_unlocked
  File "<frozen importlib._bootstrap>", line 690, in _load_unlocked
  File "<frozen importlib._bootstrap_external>", line 940, in exec_module
  File "<frozen importlib._bootstrap>", line 241, in _call_with_frames_removed
  File "/hai/scratch/fangwu97/workspace/workspace/prounderjoe/boltzgen/envs/boltzgen-cuda128/lib/python3.11/site-packages/boltzgen/task/predict/predict.py", line 26, in <module>
    from boltzgen.model.models.boltz import Boltz
  File "/hai/scratch/fangwu97/workspace/workspace/prounderjoe/boltzgen/envs/boltzgen-cuda128/lib/python3.11/site-packages/boltzgen/model/models/boltz.py", line 20, in <module>
    from boltzgen.model.layers.miniformer import MiniformerModule
  File "/hai/scratch/fangwu97/workspace/workspace/prounderjoe/boltzgen/envs/boltzgen-cuda128/lib/python3.11/site-packages/boltzgen/model/layers/miniformer.py", line 11, in <module>
    from boltzgen.model.layers.triangular import (
  File "/hai/scratch/fangwu97/workspace/workspace/prounderjoe/boltzgen/envs/boltzgen-cuda128/lib/python3.11/site-packages/boltzgen/model/layers/triangular.py", line 8, in <module>
    from cuequivariance_torch.primitives.triangle import (
  File "/hai/scratch/fangwu97/workspace/workspace/prounderjoe/boltzgen/envs/boltzgen-cuda128/lib/python3.11/site-packages/cuequivariance_torch/__init__.py", line 26, in <module>
    from .primitives.transpose import TransposeSegments, TransposeIrrepsLayout
  File "/hai/scratch/fangwu97/workspace/workspace/prounderjoe/boltzgen/envs/boltzgen-cuda128/lib/python3.11/site-packages/cuequivariance_torch/primitives/transpose.py", line 183, in <module>
    from cuequivariance_ops_torch import segmented_transpose
  File "/hai/scratch/fangwu97/workspace/workspace/prounderjoe/boltzgen/envs/boltzgen-cuda128/lib/python3.11/site-packages/cuequivariance_ops_torch/__init__.py", line 39, in <module>
    from cuequivariance_ops_torch.fused_layer_norm_torch import layer_norm_transpose
  File "/hai/scratch/fangwu97/workspace/workspace/prounderjoe/boltzgen/envs/boltzgen-cuda128/lib/python3.11/site-packages/cuequivariance_ops_torch/fused_layer_norm_torch.py", line 17, in <module>
    from cuequivariance_ops.triton import (
  File "/hai/scratch/fangwu97/workspace/workspace/prounderjoe/boltzgen/envs/boltzgen-cuda128/lib/python3.11/site-packages/cuequivariance_ops/triton/__init__.py", line 24, in <module>
    from .tuning_decorator import autotune_aot
  File "/hai/scratch/fangwu97/workspace/workspace/prounderjoe/boltzgen/envs/boltzgen-cuda128/lib/python3.11/site-packages/cuequivariance_ops/triton/tuning_decorator.py", line 17, in <module>
    from .cache_manager import get_cache_manager
  File "/hai/scratch/fangwu97/workspace/workspace/prounderjoe/boltzgen/envs/boltzgen-cuda128/lib/python3.11/site-packages/cuequivariance_ops/triton/cache_manager.py", line 255, in <module>
    cache_manager = CacheManager()
                    ^^^^^^^^^^^^^^
  File "/hai/scratch/fangwu97/workspace/workspace/prounderjoe/boltzgen/envs/boltzgen-cuda128/lib/python3.11/site-packages/cuequivariance_ops/triton/cache_manager.py", line 113, in __init__
    self.json_path = str(get_triton_cache_dir())
                         ^^^^^^^^^^^^^^^^^^^^^^
  File "/hai/scratch/fangwu97/workspace/workspace/prounderjoe/boltzgen/envs/boltzgen-cuda128/lib/python3.11/site-packages/cuequivariance_ops/triton/cache_manager.py", line 54, in get_triton_cache_dir
    cache_dir.mkdir(parents=True, exist_ok=True)
  File "/hai/scratch/fangwu97/workspace/workspace/prounderjoe/boltzgen/envs/boltzgen-cuda128/lib/python3.11/pathlib.py", line 1116, in mkdir
    os.mkdir(self, mode)
OSError: [Errno 122] Disk quota exceeded: '/afs/.ir/users/f/a/fangwu97/.cache/cuequivariance-triton'

The above exception was the direct cause of the following exception:

Traceback (most recent call last):
  File "/hai/scratch/fangwu97/workspace/workspace/prounderjoe/boltzgen/envs/boltzgen-cuda128/lib/python3.11/site-packages/hydra/_internal/instantiate/_instantiate2.py", line 134, in _resolve_target
    target = _locate(target)
             ^^^^^^^^^^^^^^^
  File "/hai/scratch/fangwu97/workspace/workspace/prounderjoe/boltzgen/envs/boltzgen-cuda128/lib/python3.11/site-packages/hydra/_internal/utils.py", line 658, in _locate
    raise ImportError(
ImportError: Error loading 'boltzgen.task.predict.predict.Predict':
OSError(122, 'Disk quota exceeded')

The above exception was the direct cause of the following exception:

Traceback (most recent call last):
  File "/hai/scratch/fangwu97/workspace/workspace/prounderjoe/boltzgen/envs/boltzgen-cuda128/lib/python3.11/site-packages/boltzgen/resources/main.py", line 53, in <module>
    main(config, args)
  File "/hai/scratch/fangwu97/workspace/workspace/prounderjoe/boltzgen/envs/boltzgen-cuda128/lib/python3.11/site-packages/boltzgen/resources/main.py", line 40, in main
    task = hydra.utils.instantiate(config)
           ^^^^^^^^^^^^^^^^^^^^^^^^^^^^^^^
  File "/hai/scratch/fangwu97/workspace/workspace/prounderjoe/boltzgen/envs/boltzgen-cuda128/lib/python3.11/site-packages/hydra/_internal/instantiate/_instantiate2.py", line 226, in instantiate
    return instantiate_node(
           ^^^^^^^^^^^^^^^^^
  File "/hai/scratch/fangwu97/workspace/workspace/prounderjoe/boltzgen/envs/boltzgen-cuda128/lib/python3.11/site-packages/hydra/_internal/instantiate/_instantiate2.py", line 333, in instantiate_node
    _target_ = _resolve_target(node.get(_Keys.TARGET), full_key)
               ^^^^^^^^^^^^^^^^^^^^^^^^^^^^^^^^^^^^^^^^^^^^^^^^^
  File "/hai/scratch/fangwu97/workspace/workspace/prounderjoe/boltzgen/envs/boltzgen-cuda128/lib/python3.11/site-packages/hydra/_internal/instantiate/_instantiate2.py", line 139, in _resolve_target
    raise InstantiationException(msg) from e
hydra.errors.InstantiationException: Error locating target 'boltzgen.task.predict.predict.Predict', set env var HYDRA_FULL_ERROR=1 to see chained exception.
Traceback (most recent call last):
  File "/hai/scratch/fangwu97/workspace/workspace/prounderjoe/boltzgen/envs/boltzgen-cuda128/bin/boltzgen", line 7, in <module>
    sys.exit(main())
             ^^^^^^
  File "/hai/scratch/fangwu97/workspace/workspace/prounderjoe/boltzgen/envs/boltzgen-cuda128/lib/python3.11/site-packages/boltzgen/cli/boltzgen.py", line 1436, in main
    run_command(args)
  File "/hai/scratch/fangwu97/workspace/workspace/prounderjoe/boltzgen/envs/boltzgen-cuda128/lib/python3.11/site-packages/boltzgen/cli/boltzgen.py", line 518, in run_command
    execute_command(args)
  File "/hai/scratch/fangwu97/workspace/workspace/prounderjoe/boltzgen/envs/boltzgen-cuda128/lib/python3.11/site-packages/boltzgen/cli/boltzgen.py", line 759, in execute_command
    subprocess.check_call(command)
  File "/hai/scratch/fangwu97/workspace/workspace/prounderjoe/boltzgen/envs/boltzgen-cuda128/lib/python3.11/subprocess.py", line 413, in check_call
    raise CalledProcessError(retcode, cmd)
subprocess.CalledProcessError: Command '['python', '/hai/scratch/fangwu97/workspace/workspace/prounderjoe/boltzgen/envs/boltzgen-cuda128/lib/python3.11/site-packages/boltzgen/resources/main.py', '/hai/scratch/fangwu97/workspace/workspace/prounderjoe/boltzgen/BoltzGen_runs_unimomo/1a14_N_H_L/config/design.yaml']' returned non-zero exit status 1.
